ksocket/build/intermediates/manifest_merge_blame_file/debug/processDebugManifest/manifest-merger-blame-debug-report.txt
1<?xml version="1.0" encoding="utf-8"?>
2<manifest xmlns:android="http://schemas.android.com/apk/res/android"
3    xmlns:tools="http://schemas.android.com/tools"
4    package="com.shahryar.lib.kSocketIo" >
5
6    <uses-sdk android:minSdkVersion="24" />
7
8    <application>
8-->src/androidMain/AndroidManifest.xml:3:5-13:19
9        <provider
9-->src/androidMain/AndroidManifest.xml:4:9-12:20
10            android:name="androidx.startup.InitializationProvider"
10-->src/androidMain/AndroidManifest.xml:5:13-67
11            android:authorities="${applicationId}.androidx-startup"
11-->src/androidMain/AndroidManifest.xml:6:13-68
12            android:exported="false"
12-->src/androidMain/AndroidManifest.xml:7:13-37
13            tools:node="merge" >
13-->src/androidMain/AndroidManifest.xml:8:13-31
14            <meta-data
14-->src/androidMain/AndroidManifest.xml:9:13-11:52
15                android:name="com.shahryar.lib.kSocketIo.utils.ApplicationContextInitializer"
15-->src/androidMain/AndroidManifest.xml:10:17-94
16                android:value="androidx.startup" />
16-->src/androidMain/AndroidManifest.xml:11:17-49
17        </provider>
18    </application>
19
20</manifest>